<?xml version="1.0" encoding="UTF-8"?>
<!-- Generated by org.testng.reporters.JUnitReportReporter -->
<testsuite hostname="LAPTOP-PNF4E3BC" failures="0" tests="6" name="TestNG.DataProviderMainClass" time="0.016" errors="0" timestamp="2024-04-08T10:18:59 IST" skipped="0">
  <testcase classname="TestNG.DataProviderMainClass" name="getData" time="0.007"/>
  <system-out/>
  <testcase classname="TestNG.DataProviderMainClass" name="getEmployeeData" time="0.001"/>
  <system-out/>
  <testcase classname="TestNG.DataProviderMainClass" name="getEmployeeData" time="0.001"/>
  <system-out/>
  <testcase classname="TestNG.DataProviderMainClass" name="getData" time="0.002"/>
  <system-out/>
  <testcase classname="TestNG.DataProviderMainClass" name="getEmployeeData" time="0.003"/>
  <system-out/>
  <testcase classname="TestNG.DataProviderMainClass" name="getData" time="0.002"/>
  <system-out/>
</testsuite> <!-- TestNG.DataProviderMainClass -->
