<?xml version="1.0" encoding="UTF-8"?>
<!-- Generated by org.testng.reporters.JUnitReportReporter -->
<testsuite hostname="LAPTOP-PNF4E3BC" failures="0" tests="3" name="TestNG.ExcelTestScriptTest" time="0.013" errors="0" timestamp="2024-04-08T12:08:48 IST" skipped="0">
  <testcase classname="TestNG.ExcelTestScriptTest" name="getData" time="0.010"/>
  <system-out/>
  <testcase classname="TestNG.ExcelTestScriptTest" name="getData" time="0.002"/>
  <system-out/>
  <testcase classname="TestNG.ExcelTestScriptTest" name="getData" time="0.001"/>
  <system-out/>
</testsuite> <!-- TestNG.ExcelTestScriptTest -->
