<?xml version="1.0" encoding="UTF-8"?>
<!-- Generated by org.testng.reporters.JUnitReportReporter -->
<testsuite hostname="LAPTOP-PNF4E3BC" failures="0" tests="3" name="TestNG.PracticeTest" time="0.019" errors="0" timestamp="2024-04-05T16:36:27 IST" skipped="0">
  <testcase classname="TestNG.PracticeTest" name="EditTest" time="0.014"/>
  <system-out>
    <![CDATA[edit method is executed first]]>
  </system-out>
  <testcase classname="TestNG.PracticeTest" name="DeleteTest" time="0.002"/>
  <system-out/>
  <testcase classname="TestNG.PracticeTest" name="CreateTest" time="0.003"/>
  <system-out/>
</testsuite> <!-- TestNG.PracticeTest -->
