<?xml version="1.0" encoding="UTF-8"?>
<!-- Generated by org.testng.reporters.JUnitReportReporter -->
<testsuite hostname="LAPTOP-PNF4E3BC" failures="0" tests="3" name="TestNG.DataProviderTest" time="0.011" errors="0" timestamp="2024-04-05T17:54:16 IST" skipped="0">
  <testcase classname="TestNG.DataProviderTest" name="getData" time="0.001"/>
  <system-out/>
  <testcase classname="TestNG.DataProviderTest" name="getData" time="0.009"/>
  <system-out/>
  <testcase classname="TestNG.DataProviderTest" name="getData" time="0.001"/>
  <system-out/>
</testsuite> <!-- TestNG.DataProviderTest -->
